C51 COMPILER V9.54   MAIN                                                                  01/23/2024 01:07:26 PAGE 1   


C51 COMPILER V9.54, COMPILATION OF MODULE MAIN
OBJECT MODULE PLACED IN .\Objects\main.obj
COMPILER INVOKED BY: D:\Software\Keil_v5\C51\BIN\C51.EXE main.c OPTIMIZE(8,SPEED) BROWSE DEBUG OBJECTEXTEND PRINT(.\List
                    -ings\main.lst) TABS(2) OBJECT(.\Objects\main.obj)

line level    source

   1          //定时器学习练习，定时器控制led每隔1秒亮灭，这里不用查询的方式，改用中断的方式
   2          #include "reg52.h"
   3          
   4          sbit led = P3^6;
   5          sbit led1 = P3^7;
   6          int cnt = 0;
   7          
   8          void Time0Init()
   9          {
  10   1        //1. 配置定时器0工作模式位16位计时
  11   1        TMOD = 0x01;
  12   1        //2. 给初值，定一个10ms出来
  13   1        TL0=0x00;
  14   1        TH0=0xDC;
  15   1        //3. 开始计时
  16   1        TR0 = 1;
  17   1        TF0 = 0;
  18   1        //4.打开定时器0中断
  19   1        ET0 = 1;
  20   1        //5.打开总中断EA
  21   1        EA = 1;
  22   1      }
  23          
  24          void Delay300ms()   //@11.0592MHz
  25          {
  26   1        unsigned char i, j, k;
  27   1      
  28   1      
  29   1        i = 3;
  30   1        j = 26;
  31   1        k = 223;
  32   1        do
  33   1        {
  34   2          do
  35   2          {
  36   3            while (--k);
  37   3          } while (--j);
  38   2        } while (--i);
  39   1      }
  40          
  41          void main()
  42          {
  43   1        led = 1;
  44   1        Time0Init();
  45   1        while(1){
  46   2          led1 = 0;
  47   2          Delay300ms();
  48   2          led1 = 1;
  49   2          Delay300ms();
  50   2          
  51   2        }
  52   1      }
  53          
  54          void Time0Handler () interrupt 1//定时器0的中断查询的序号是1，见手册第6章
C51 COMPILER V9.54   MAIN                                                                  01/23/2024 01:07:26 PAGE 2   

  55          {
  56   1      
  57   1              cnt++;//统计爆表次数
  58   1              //重新给初值
  59   1              TL0=0x00;
  60   1              TH0=0xDC;
  61   1              if(cnt == 100){//爆表100次，经过了1秒
  62   2                cnt = 0;//当爆表100次表示1s，重新让cnt从0开始计算下一次的1s
  63   2                led = !led;//每经过一秒翻转一下led的状态
  64   2              }
  65   1          }
  66          


MODULE INFORMATION:   STATIC OVERLAYABLE
   CODE SIZE        =     81    ----
   CONSTANT SIZE    =   ----    ----
   XDATA SIZE       =   ----    ----
   PDATA SIZE       =   ----    ----
   DATA SIZE        =      2    ----
   IDATA SIZE       =   ----    ----
   BIT SIZE         =   ----    ----
END OF MODULE INFORMATION.


C51 COMPILATION COMPLETE.  0 WARNING(S),  0 ERROR(S)
