C51 COMPILER V9.54   MAIN                                                                  01/21/2024 17:09:08 PAGE 1   


C51 COMPILER V9.54, COMPILATION OF MODULE MAIN
OBJECT MODULE PLACED IN .\Objects\main.obj
COMPILER INVOKED BY: D:\Software\Keil_v5\C51\BIN\C51.EXE main.c OPTIMIZE(8,SPEED) BROWSE DEBUG OBJECTEXTEND PRINT(.\List
                    -ings\main.lst) TABS(2) OBJECT(.\Objects\main.obj)

line level    source

   1          //上官课程练习：02.控制LED闪烁
   2          #include "reg52.h"
   3          #include <intrins.h>
   4          
   5          sbit ledOne = P3^7;
   6          sbit ledSecond = P3^6;
   7          //延时代码是软件延时计算器生成的
   8          void Delay500ms()   //@11.0592MHz
   9          {
  10   1        unsigned char i, j, k;
  11   1      
  12   1        _nop_();
  13   1        i = 4;
  14   1        j = 129;
  15   1        k = 119;
  16   1        do
  17   1        {
  18   2          do
  19   2          {
  20   3            while (--k);
  21   3          } while (--j);
  22   2        } while (--i);
  23   1      }
  24          
  25          
  26          void main()
  27          {
  28   1        //灯灭，给一个高电平
  29   1        //重复执行
  30   1        while(1){
  31   2          //灯亮，给一个P3.7低电平
  32   2          ledOne = 0;
  33   2          //数数，数的期间，维持低电平，灯亮,延迟
  34   2          Delay500ms();
  35   2          //灯灭，给一个高电平
  36   2          ledOne = 1;
  37   2          //数数，数的期间，维持高电平，灯灭，延迟
  38   2          Delay500ms();
  39   2        
  40   2        
  41   2        }
  42   1        
  43   1      
  44   1      }


MODULE INFORMATION:   STATIC OVERLAYABLE
   CODE SIZE        =     26    ----
   CONSTANT SIZE    =   ----    ----
   XDATA SIZE       =   ----    ----
   PDATA SIZE       =   ----    ----
   DATA SIZE        =   ----    ----
   IDATA SIZE       =   ----    ----
   BIT SIZE         =   ----    ----
C51 COMPILER V9.54   MAIN                                                                  01/21/2024 17:09:08 PAGE 2   

END OF MODULE INFORMATION.


C51 COMPILATION COMPLETE.  0 WARNING(S),  0 ERROR(S)
