C51 COMPILER V9.54   MAIN                                                                  01/21/2024 19:40:09 PAGE 1   


C51 COMPILER V9.54, COMPILATION OF MODULE MAIN
OBJECT MODULE PLACED IN .\Objects\main.obj
COMPILER INVOKED BY: D:\Software\Keil_v5\C51\BIN\C51.EXE main.c OPTIMIZE(8,SPEED) BROWSE DEBUG OBJECTEXTEND PRINT(.\List
                    -ings\main.lst) TABS(2) OBJECT(.\Objects\main.obj)

line level    source

   1          //上官课程练习：03.4:记录状态位来控制LED
   2          //有时候业务状态相对复杂,不希望在控制判断里面去控制外设就要用到标志位
   3          #include "reg52.h"
   4          #include <intrins.h>
   5          
   6          #define ON_STATUS 1
   7          #define OFF_STATUS 0
   8          
   9          sbit Key1 = P2^1;
  10          sbit Key2 = P2^0;
  11          sbit ledOne = P3^7;
  12          
  13          void Delay50ms()    //@11.0592MHz
  14          {
  15   1        unsigned char i, j, k;
  16   1      
  17   1        _nop_();
  18   1        _nop_();
  19   1        i = 3;
  20   1        j = 26;
  21   1        k = 223;
  22   1        do
  23   1        {
  24   2          do
  25   2          {
  26   3            while (--k);
  27   3          } while (--j);
  28   2        } while (--i);
  29   1      }
  30          
  31          void main()
  32          {
  33   1        int ledMark = OFF_STATUS;
  34   1        ledOne = 1;
  35   1      
  36   1        
  37   1        //查询法检测按键是否被按下
  38   1        while(1){
  39   2          if(Key1 == 0){ //KEY1位置和GND接通,表现为低电平，值为0
  40   3            //软件消抖，不知道是抖动还是人为按按键，延迟50ms再判断一次
  41   3            Delay50ms();
  42   3            if(Key1 == 0){
  43   4              //记住状态位，key1被按下，记住，在其他地方点灯
  44   4              ledMark = ON_STATUS;
  45   4            
  46   4            }
  47   3          }
  48   2        if(Key2 == 0){//KEY2位置和GND接通,表现为低电平，值为0
  49   3            ledMark = OFF_STATUS;
  50   3      
  51   3          }
  52   2        if(ledMark == OFF_STATUS){
  53   3          ledOne = 1;
  54   3        }else{
C51 COMPILER V9.54   MAIN                                                                  01/21/2024 19:40:09 PAGE 2   

  55   3          ledOne = 0;
  56   3        }
  57   2       }
  58   1        
  59   1      }


MODULE INFORMATION:   STATIC OVERLAYABLE
   CODE SIZE        =     51    ----
   CONSTANT SIZE    =   ----    ----
   XDATA SIZE       =   ----    ----
   PDATA SIZE       =   ----    ----
   DATA SIZE        =   ----    ----
   IDATA SIZE       =   ----    ----
   BIT SIZE         =   ----    ----
END OF MODULE INFORMATION.


C51 COMPILATION COMPLETE.  0 WARNING(S),  0 ERROR(S)
