C51 COMPILER V9.54   MAIN                                                                  01/21/2024 16:51:50 PAGE 1   


C51 COMPILER V9.54, COMPILATION OF MODULE MAIN
OBJECT MODULE PLACED IN .\Objects\main.obj
COMPILER INVOKED BY: D:\Software\Keil_v5\C51\BIN\C51.EXE main.c OPTIMIZE(8,SPEED) BROWSE DEBUG OBJECTEXTEND PRINT(.\List
                    -ings\main.lst) TABS(2) OBJECT(.\Objects\main.obj)

line level    source

   1          //上官课程练习：01.控制IO口来点亮一个LED
   2          #include "reg52.h"
   3          
   4          sbit ledOne = P3^7;
   5          sbit ledSecond = P3^6;
   6          
   7          void main()
   8          {
   9   1        
  10   1        ledOne = 0;
  11   1        //灯亮，给一个P3.7口低电平（口看电路图，LED1的悬空接单片的3.7口，给0是拉低悬空的那边线成低电平）
  12   1        ledSecond = 0;
  13   1        
  14   1      }


MODULE INFORMATION:   STATIC OVERLAYABLE
   CODE SIZE        =      5    ----
   CONSTANT SIZE    =   ----    ----
   XDATA SIZE       =   ----    ----
   PDATA SIZE       =   ----    ----
   DATA SIZE        =   ----    ----
   IDATA SIZE       =   ----    ----
   BIT SIZE         =   ----    ----
END OF MODULE INFORMATION.


C51 COMPILATION COMPLETE.  0 WARNING(S),  0 ERROR(S)
