C51 COMPILER V9.54   MAIN                                                                  01/21/2024 18:19:28 PAGE 1   


C51 COMPILER V9.54, COMPILATION OF MODULE MAIN
OBJECT MODULE PLACED IN .\Objects\main.obj
COMPILER INVOKED BY: D:\Software\Keil_v5\C51\BIN\C51.EXE main.c OPTIMIZE(8,SPEED) BROWSE DEBUG OBJECTEXTEND PRINT(.\List
                    -ings\main.lst) TABS(2) OBJECT(.\Objects\main.obj)

line level    source

   1          //上官课程练习：01.控制IO口来点亮一个LED
   2          #include "reg52.h"
   3          #include <intrins.h>
   4          
   5          sbit Key1 = P2^1;
   6          sbit Key2 = P2^0;
   7          sbit ledOne = P3^7;
   8          
   9          void Delay50ms()    //@11.0592MHz
  10          {
  11   1        unsigned char i, j, k;
  12   1      
  13   1        _nop_();
  14   1        _nop_();
  15   1        i = 3;
  16   1        j = 26;
  17   1        k = 223;
  18   1        do
  19   1        {
  20   2          do
  21   2          {
  22   3            while (--k);
  23   3          } while (--j);
  24   2        } while (--i);
  25   1      }
  26          
  27          void main()
  28          {
  29   1        //查询法检测按键是否被按下
  30   1        while(1){
  31   2          if(Key1 == 0){//KEY1位置和GND接通,表现为低电平，值为0
  32   3            //软件消抖，不知道是抖动还是人为按按键，延迟50ms再判断一次
  33   3            Delay50ms();
  34   3            if(Key1 == 0){
  35   4        //灯亮，给一个P3.7口低电平（口看电路图，LED1的悬空接单片的3.7口，给0是拉低悬空的那边线成低电平）
  36   4            ledOne = 0;     
  37   4            }
  38   3          }
  39   2        if(Key2 == 0){//KEY2位置和GND接通,表现为低电平，值为0
  40   3            ledOne = 1;
  41   3        //灯亮，给一个P3.7口低电平（口看电路图，LED1的悬空接单片的3.7口，给0是拉低悬空的那边线成低电平）
  42   3          }
  43   2        }
  44   1        
  45   1      }


MODULE INFORMATION:   STATIC OVERLAYABLE
   CODE SIZE        =     33    ----
   CONSTANT SIZE    =   ----    ----
   XDATA SIZE       =   ----    ----
   PDATA SIZE       =   ----    ----
   DATA SIZE        =   ----    ----
   IDATA SIZE       =   ----    ----
C51 COMPILER V9.54   MAIN                                                                  01/21/2024 18:19:28 PAGE 2   

   BIT SIZE         =   ----    ----
END OF MODULE INFORMATION.


C51 COMPILATION COMPLETE.  0 WARNING(S),  0 ERROR(S)
